<?xml version="1.0" encoding="UTF-8"?>
<testng-results ignored="0" total="1" passed="1" failed="0" skipped="0">
  <reporter-output>
  </reporter-output>
  <suite started-at="2025-02-05T21:57:15 IST" name="Default suite" finished-at="2025-02-05T21:57:23 IST" duration-ms="7794">
    <groups>
    </groups>
    <test started-at="2025-02-05T21:57:15 IST" name="Default test" finished-at="2025-02-05T21:57:23 IST" duration-ms="7794">
      <class name="TESTCASES.checbox_tc">
        <test-method is-config="true" signature="test()[pri:0, instance:TESTCASES.checbox_tc@72967906]" started-at="2025-02-05T21:57:15 IST" name="test" finished-at="2025-02-05T21:57:18 IST" duration-ms="3597" status="PASS">
          <reporter-output>
          </reporter-output>
        </test-method> <!-- test -->
        <test-method signature="info()[pri:0, instance:TESTCASES.checbox_tc@72967906]" started-at="2025-02-05T21:57:18 IST" name="info" finished-at="2025-02-05T21:57:22 IST" duration-ms="4168" status="PASS">
          <reporter-output>
          </reporter-output>
        </test-method> <!-- info -->
      </class> <!-- TESTCASES.checbox_tc -->
    </test> <!-- Default test -->
  </suite> <!-- Default suite -->
</testng-results>
